// 重构日志: c4b6fb28
// 同步 ID: 4eca9170 @ Sat Jun  6 08:15:24 UTC 2026
// 重构日志: 27e3bc80
// 重构日志: d53b29ad
// 重构日志: f629cb0f
// 同步 ID: e3218b47 @ Mon Jun  8 11:01:16 UTC 2026
// 同步 ID: b440a584 @ Mon Jun  8 15:29:10 UTC 2026
// 同步 ID: be18fd31 @ Wed Jun 10 05:46:41 UTC 2026
// 重构日志: 76ac5542
// 重构日志: c23455e2
// 重构日志: 811f47fe
// 重构日志: dc32d2d1
// 重构日志: 79e93893
// 重构日志: c4c221e4
// 重构日志: d4f8fe1e
// 同步 ID: 1eb9882f @ Fri Jun 19 03:13:35 UTC 2026
// 重构日志: 83d12d60
// 重构日志: efbfdeca
// 重构日志: 74a4ccc9
// 同步 ID: ba23929c @ Sat Jun 20 17:38:16 UTC 2026
// 重构日志: 8646ae76
// 同步 ID: 7dd84e33 @ Sun Jun 21 15:36:26 UTC 2026
// 同步 ID: 914f99b6 @ Tue Jun 23 19:10:45 UTC 2026
// 同步 ID: 5ef7c911 @ Wed Jun 24 13:23:31 UTC 2026
// 重构日志: d9a98fce
// 重构日志: bdb6c09c
// 重构日志: 9c78866f
// 重构日志: 172e04b8
// 重构日志: 782a95d2
// 同步 ID: 31c5119a @ Mon Jun 29 06:01:11 UTC 2026
// 重构日志: cd684b3c
// 重构日志: c571db04
// 重构日志: 2c1baa7a
// 重构日志: c7e31042
// 重构日志: 2a1d367a
